[debug] [2021-09-22T15:06:47.675Z] ----------------------------------------------------------------------
[debug] [2021-09-22T15:06:47.688Z] Command:       /usr/local/bin/node /usr/local/bin/firebase init
[debug] [2021-09-22T15:06:47.689Z] CLI Version:   9.18.0
[debug] [2021-09-22T15:06:47.689Z] Platform:      darwin
[debug] [2021-09-22T15:06:47.689Z] Node Version:  v14.17.3
[debug] [2021-09-22T15:06:47.691Z] Time:          Wed Sep 22 2021 20:36:47 GMT+0530 (India Standard Time)
[debug] [2021-09-22T15:06:47.691Z] ----------------------------------------------------------------------
[debug] 
[debug] [2021-09-22T15:06:47.703Z] > command requires scopes: ["email","openid","https://www.googleapis.com/auth/cloudplatformprojects.readonly","https://www.googleapis.com/auth/firebase","https://www.googleapis.com/auth/cloud-platform"]
[debug] [2021-09-22T15:06:47.704Z] > authorizing via signed-in user (mondal.rohit929@gmail.com)
[info] 
     ######## #### ########  ######## ########     ###     ######  ########
     ##        ##  ##     ## ##       ##     ##  ##   ##  ##       ##
     ######    ##  ########  ######   ########  #########  ######  ######
     ##        ##  ##    ##  ##       ##     ## ##     ##       ## ##
     ##       #### ##     ## ######## ########  ##     ##  ######  ########

You're about to initialize a Firebase project in this directory:

  /Users/rohitmondal/dev/jsgamesISB/whack-a-mole

[info] 
=== Project Setup
[info] 
[info] First, let's associate this project directory with a Firebase project.
[info] You can create multiple project aliases by running firebase use --add, 
[info] but for now we'll just set up a default project.
[info] 
[debug] [2021-09-22T15:07:47.452Z] >>> [apiv2][query] GET https://firebase.googleapis.com/v1beta1/projects pageSize=100
[debug] [2021-09-22T15:07:48.352Z] <<< [apiv2][status] GET https://firebase.googleapis.com/v1beta1/projects 200
[debug] [2021-09-22T15:07:48.353Z] <<< [apiv2][body] GET https://firebase.googleapis.com/v1beta1/projects [omitted]
[info] i  Using project whackamole-73e5d (WhackAMole) 
[info] 
=== Hosting Setup
[info] 
[info] Your public directory is the folder (relative to your project directory) that
[info] will contain Hosting assets to be uploaded with firebase deploy. If you
[info] have a build process for your assets, use your build's output directory.
[info] 
